2018-01-05 09:48:27,410 INFO  [main] AnnotationConfigApplicationContext: Refreshing org.springframework.context.annotation.AnnotationConfigApplicationContext@25a6944c: startup date [Fri Jan 05 09:48:27 CST 2018]; root of context hierarchy
2018-01-05 09:48:28,683 INFO  [main] AutowiredAnnotationBeanPostProcessor: JSR-330 'javax.inject.Inject' annotation found and supported for autowiring
2018-01-05 09:48:28,824 INFO  [main] PostProcessorRegistrationDelegate$BeanPostProcessorChecker: Bean 'configurationPropertiesRebinderAutoConfiguration' of type [org.springframework.cloud.autoconfigure.ConfigurationPropertiesRebinderAutoConfiguration$$EnhancerBySpringCGLIB$$428adc14] is not eligible for getting processed by all BeanPostProcessors (for example: not eligible for auto-proxying)
2018-01-05 09:48:29,567 INFO  [main] ConfigServicePropertySourceLocator: Fetching config from server at: http://localhost:8761
2018-01-05 09:48:46,748 INFO  [main] ConfigServicePropertySourceLocator: Located environment: name=config-client, profiles=[dev], label=null, version=65bebbfe271899d6c6f06dc6bd1dcebf7e5c9853, state=null
2018-01-05 09:48:46,749 INFO  [main] PropertySourceBootstrapConfiguration: Located property source: CompositePropertySource [name='configService', propertySources=[MapPropertySource {name='configClient'}, MapPropertySource {name='https://github.com/yuanwenjian/config-repo/config-client-dev.yml'}]]
2018-01-05 09:48:46,757 INFO  [main] Application: The following profiles are active: dev
2018-01-05 09:48:46,816 INFO  [main] AnnotationConfigEmbeddedWebApplicationContext: Refreshing org.springframework.boot.context.embedded.AnnotationConfigEmbeddedWebApplicationContext@2ff95fc6: startup date [Fri Jan 05 09:48:46 CST 2018]; parent: org.springframework.context.annotation.AnnotationConfigApplicationContext@25a6944c
2018-01-05 09:48:49,176 INFO  [main] GenericScope: BeanFactory id=ba874899-40c9-34dd-a6ba-8a7a2c27486b
2018-01-05 09:48:49,200 INFO  [main] AutowiredAnnotationBeanPostProcessor: JSR-330 'javax.inject.Inject' annotation found and supported for autowiring
2018-01-05 09:48:49,359 INFO  [main] PostProcessorRegistrationDelegate$BeanPostProcessorChecker: Bean 'org.springframework.security.config.annotation.configuration.ObjectPostProcessorConfiguration' of type [org.springframework.security.config.annotation.configuration.ObjectPostProcessorConfiguration$$EnhancerBySpringCGLIB$$bf1ea151] is not eligible for getting processed by all BeanPostProcessors (for example: not eligible for auto-proxying)
2018-01-05 09:48:49,371 INFO  [main] PostProcessorRegistrationDelegate$BeanPostProcessorChecker: Bean 'org.springframework.transaction.annotation.ProxyTransactionManagementConfiguration' of type [org.springframework.transaction.annotation.ProxyTransactionManagementConfiguration$$EnhancerBySpringCGLIB$$2670d917] is not eligible for getting processed by all BeanPostProcessors (for example: not eligible for auto-proxying)
2018-01-05 09:48:49,441 INFO  [main] PostProcessorRegistrationDelegate$BeanPostProcessorChecker: Bean 'objectPostProcessor' of type [org.springframework.security.config.annotation.configuration.AutowireBeanFactoryObjectPostProcessor] is not eligible for getting processed by all BeanPostProcessors (for example: not eligible for auto-proxying)
2018-01-05 09:48:49,448 INFO  [main] PostProcessorRegistrationDelegate$BeanPostProcessorChecker: Bean 'org.springframework.security.access.expression.method.DefaultMethodSecurityExpressionHandler@3ac0a14b' of type [org.springframework.security.access.expression.method.DefaultMethodSecurityExpressionHandler] is not eligible for getting processed by all BeanPostProcessors (for example: not eligible for auto-proxying)
2018-01-05 09:48:49,470 INFO  [main] PostProcessorRegistrationDelegate$BeanPostProcessorChecker: Bean 'org.springframework.security.config.annotation.method.configuration.GlobalMethodSecurityConfiguration' of type [org.springframework.security.config.annotation.method.configuration.GlobalMethodSecurityConfiguration$$EnhancerBySpringCGLIB$$e3f34403] is not eligible for getting processed by all BeanPostProcessors (for example: not eligible for auto-proxying)
2018-01-05 09:48:49,487 INFO  [main] PostProcessorRegistrationDelegate$BeanPostProcessorChecker: Bean 'methodSecurityMetadataSource' of type [org.springframework.security.access.method.DelegatingMethodSecurityMetadataSource] is not eligible for getting processed by all BeanPostProcessors (for example: not eligible for auto-proxying)
2018-01-05 09:48:49,503 INFO  [main] PostProcessorRegistrationDelegate$BeanPostProcessorChecker: Bean 'org.springframework.cloud.netflix.metrics.MetricsInterceptorConfiguration$MetricsRestTemplateConfiguration' of type [org.springframework.cloud.netflix.metrics.MetricsInterceptorConfiguration$MetricsRestTemplateConfiguration$$EnhancerBySpringCGLIB$$589d7f58] is not eligible for getting processed by all BeanPostProcessors (for example: not eligible for auto-proxying)
2018-01-05 09:48:49,517 INFO  [main] PostProcessorRegistrationDelegate$BeanPostProcessorChecker: Bean 'org.springframework.cloud.autoconfigure.ConfigurationPropertiesRebinderAutoConfiguration' of type [org.springframework.cloud.autoconfigure.ConfigurationPropertiesRebinderAutoConfiguration$$EnhancerBySpringCGLIB$$428adc14] is not eligible for getting processed by all BeanPostProcessors (for example: not eligible for auto-proxying)
2018-01-05 09:48:50,131 INFO  [main] TomcatEmbeddedServletContainer: Tomcat initialized with port(s): 8083 (http)
2018-01-05 09:48:50,167 INFO  [main] StandardService: Starting service [Tomcat]
2018-01-05 09:48:50,169 INFO  [main] StandardEngine: Starting Servlet Engine: Apache Tomcat/8.5.23
2018-01-05 09:48:50,416 INFO  [localhost-startStop-1] [/]: Initializing Spring embedded WebApplicationContext
2018-01-05 09:48:50,417 INFO  [localhost-startStop-1] ContextLoader: Root WebApplicationContext: initialization completed in 3601 ms
2018-01-05 09:48:51,760 INFO  [localhost-startStop-1] FilterRegistrationBean: Mapping filter: 'metricsFilter' to: [/*]
2018-01-05 09:48:51,762 INFO  [localhost-startStop-1] FilterRegistrationBean: Mapping filter: 'characterEncodingFilter' to: [/*]
2018-01-05 09:48:51,762 INFO  [localhost-startStop-1] FilterRegistrationBean: Mapping filter: 'hiddenHttpMethodFilter' to: [/*]
2018-01-05 09:48:51,763 INFO  [localhost-startStop-1] FilterRegistrationBean: Mapping filter: 'httpPutFormContentFilter' to: [/*]
2018-01-05 09:48:51,763 INFO  [localhost-startStop-1] FilterRegistrationBean: Mapping filter: 'requestContextFilter' to: [/*]
2018-01-05 09:48:51,765 INFO  [localhost-startStop-1] DelegatingFilterProxyRegistrationBean: Mapping filter: 'springSecurityFilterChain' to: [/*]
2018-01-05 09:48:51,765 INFO  [localhost-startStop-1] FilterRegistrationBean: Mapping filter: 'webRequestLoggingFilter' to: [/*]
2018-01-05 09:48:51,766 INFO  [localhost-startStop-1] FilterRegistrationBean: Mapping filter: 'tokenFilter' to: [/*]
2018-01-05 09:48:51,766 INFO  [localhost-startStop-1] FilterRegistrationBean: Mapping filter: 'applicationContextIdFilter' to: [/*]
2018-01-05 09:48:51,766 INFO  [localhost-startStop-1] ServletRegistrationBean: Mapping servlet: 'dispatcherServlet' to [/]
2018-01-05 09:48:53,336 INFO  [main] RequestMappingHandlerMapping: Mapped "{[/api/v1/login/login]}" onto public java.lang.String com.yuanwj.rest.LoginResource.login(java.lang.String,java.lang.String)
2018-01-05 09:48:53,339 INFO  [main] RequestMappingHandlerMapping: Mapped "{[/api/v1/test/test],methods=[GET]}" onto public java.lang.String com.yuanwj.rest.TestResource.test()
2018-01-05 09:48:53,342 INFO  [main] RequestMappingHandlerMapping: Mapped "{[/api/v1/user/getUser],methods=[GET]}" onto public java.lang.String com.yuanwj.rest.UserResource.getUser(java.lang.String)
2018-01-05 09:48:53,343 INFO  [main] RequestMappingHandlerMapping: Mapped "{[/api/v1/user/findByEmail]}" onto public java.lang.String com.yuanwj.rest.UserResource.findByEmail(java.lang.String)
2018-01-05 09:48:53,345 INFO  [main] RequestMappingHandlerMapping: Mapped "{[/v2/api-docs],methods=[GET],produces=[application/json || application/hal+json]}" onto public org.springframework.http.ResponseEntity<springfox.documentation.spring.web.json.Json> springfox.documentation.swagger2.web.Swagger2Controller.getDocumentation(java.lang.String,javax.servlet.http.HttpServletRequest)
2018-01-05 09:48:53,351 INFO  [main] RequestMappingHandlerMapping: Mapped "{[/swagger-resources/configuration/ui]}" onto org.springframework.http.ResponseEntity<springfox.documentation.swagger.web.UiConfiguration> springfox.documentation.swagger.web.ApiResourceController.uiConfiguration()
2018-01-05 09:48:53,352 INFO  [main] RequestMappingHandlerMapping: Mapped "{[/swagger-resources]}" onto org.springframework.http.ResponseEntity<java.util.List<springfox.documentation.swagger.web.SwaggerResource>> springfox.documentation.swagger.web.ApiResourceController.swaggerResources()
2018-01-05 09:48:53,355 INFO  [main] RequestMappingHandlerMapping: Mapped "{[/swagger-resources/configuration/security]}" onto org.springframework.http.ResponseEntity<springfox.documentation.swagger.web.SecurityConfiguration> springfox.documentation.swagger.web.ApiResourceController.securityConfiguration()
2018-01-05 09:48:53,362 INFO  [main] RequestMappingHandlerMapping: Mapped "{[/error],produces=[text/html]}" onto public org.springframework.web.servlet.ModelAndView org.springframework.boot.autoconfigure.web.BasicErrorController.errorHtml(javax.servlet.http.HttpServletRequest,javax.servlet.http.HttpServletResponse)
2018-01-05 09:48:53,363 INFO  [main] RequestMappingHandlerMapping: Mapped "{[/error]}" onto public org.springframework.http.ResponseEntity<java.util.Map<java.lang.String, java.lang.Object>> org.springframework.boot.autoconfigure.web.BasicErrorController.error(javax.servlet.http.HttpServletRequest)
2018-01-05 09:48:55,656 INFO  [main] EndpointHandlerMapping: Mapped "{[/features || /features.json],methods=[GET],produces=[application/vnd.spring-boot.actuator.v1+json || application/json]}" onto public java.lang.Object org.springframework.boot.actuate.endpoint.mvc.EndpointMvcAdapter.invoke()
2018-01-05 09:48:55,659 INFO  [main] EndpointHandlerMapping: Mapped "{[/trace || /trace.json],methods=[GET],produces=[application/vnd.spring-boot.actuator.v1+json || application/json]}" onto public java.lang.Object org.springframework.boot.actuate.endpoint.mvc.EndpointMvcAdapter.invoke()
2018-01-05 09:48:55,660 INFO  [main] EndpointHandlerMapping: Mapped "{[/service-registry/instance-status],methods=[GET]}" onto public org.springframework.http.ResponseEntity org.springframework.cloud.client.serviceregistry.endpoint.ServiceRegistryEndpoint.getStatus()
2018-01-05 09:48:55,661 INFO  [main] EndpointHandlerMapping: Mapped "{[/service-registry/instance-status],methods=[POST]}" onto public org.springframework.http.ResponseEntity<?> org.springframework.cloud.client.serviceregistry.endpoint.ServiceRegistryEndpoint.setStatus(java.lang.String)
2018-01-05 09:48:55,663 INFO  [main] EndpointHandlerMapping: Mapped "{[/health || /health.json],methods=[GET],produces=[application/vnd.spring-boot.actuator.v1+json || application/json]}" onto public java.lang.Object org.springframework.boot.actuate.endpoint.mvc.HealthMvcEndpoint.invoke(javax.servlet.http.HttpServletRequest,java.security.Principal)
2018-01-05 09:48:55,670 INFO  [main] EndpointHandlerMapping: Mapped "{[/metrics/{name:.*}],methods=[GET],produces=[application/vnd.spring-boot.actuator.v1+json || application/json]}" onto public java.lang.Object org.springframework.boot.actuate.endpoint.mvc.MetricsMvcEndpoint.value(java.lang.String)
2018-01-05 09:48:55,671 INFO  [main] EndpointHandlerMapping: Mapped "{[/metrics || /metrics.json],methods=[GET],produces=[application/vnd.spring-boot.actuator.v1+json || application/json]}" onto public java.lang.Object org.springframework.boot.actuate.endpoint.mvc.EndpointMvcAdapter.invoke()
2018-01-05 09:48:55,671 INFO  [main] EndpointHandlerMapping: Mapped "{[/mappings || /mappings.json],methods=[GET],produces=[application/vnd.spring-boot.actuator.v1+json || application/json]}" onto public java.lang.Object org.springframework.boot.actuate.endpoint.mvc.EndpointMvcAdapter.invoke()
2018-01-05 09:48:55,672 INFO  [main] EndpointHandlerMapping: Mapped "{[/autoconfig || /autoconfig.json],methods=[GET],produces=[application/vnd.spring-boot.actuator.v1+json || application/json]}" onto public java.lang.Object org.springframework.boot.actuate.endpoint.mvc.EndpointMvcAdapter.invoke()
2018-01-05 09:48:55,675 INFO  [main] EndpointHandlerMapping: Mapped "{[/loggers/{name:.*}],methods=[GET],produces=[application/vnd.spring-boot.actuator.v1+json || application/json]}" onto public java.lang.Object org.springframework.boot.actuate.endpoint.mvc.LoggersMvcEndpoint.get(java.lang.String)
2018-01-05 09:48:55,676 INFO  [main] EndpointHandlerMapping: Mapped "{[/loggers/{name:.*}],methods=[POST],consumes=[application/vnd.spring-boot.actuator.v1+json || application/json],produces=[application/vnd.spring-boot.actuator.v1+json || application/json]}" onto public java.lang.Object org.springframework.boot.actuate.endpoint.mvc.LoggersMvcEndpoint.set(java.lang.String,java.util.Map<java.lang.String, java.lang.String>)
2018-01-05 09:48:55,676 INFO  [main] EndpointHandlerMapping: Mapped "{[/loggers || /loggers.json],methods=[GET],produces=[application/vnd.spring-boot.actuator.v1+json || application/json]}" onto public java.lang.Object org.springframework.boot.actuate.endpoint.mvc.EndpointMvcAdapter.invoke()
2018-01-05 09:48:55,678 INFO  [main] EndpointHandlerMapping: Mapped "{[/env/{name:.*}],methods=[GET],produces=[application/vnd.spring-boot.actuator.v1+json || application/json]}" onto public java.lang.Object org.springframework.boot.actuate.endpoint.mvc.EnvironmentMvcEndpoint.value(java.lang.String)
2018-01-05 09:48:55,679 INFO  [main] EndpointHandlerMapping: Mapped "{[/env || /env.json],methods=[GET],produces=[application/vnd.spring-boot.actuator.v1+json || application/json]}" onto public java.lang.Object org.springframework.boot.actuate.endpoint.mvc.EndpointMvcAdapter.invoke()
2018-01-05 09:48:55,680 INFO  [main] EndpointHandlerMapping: Mapped "{[/refresh || /refresh.json],methods=[POST]}" onto public java.lang.Object org.springframework.cloud.endpoint.GenericPostableMvcEndpoint.invoke()
2018-01-05 09:48:55,681 INFO  [main] EndpointHandlerMapping: Mapped "{[/dump || /dump.json],methods=[GET],produces=[application/vnd.spring-boot.actuator.v1+json || application/json]}" onto public java.lang.Object org.springframework.boot.actuate.endpoint.mvc.EndpointMvcAdapter.invoke()
2018-01-05 09:48:55,684 INFO  [main] EndpointHandlerMapping: Mapped "{[/env],methods=[POST]}" onto public java.lang.Object org.springframework.cloud.context.environment.EnvironmentManagerMvcEndpoint.value(java.util.Map<java.lang.String, java.lang.String>)
2018-01-05 09:48:55,684 INFO  [main] EndpointHandlerMapping: Mapped "{[/env/reset],methods=[POST]}" onto public java.util.Map<java.lang.String, java.lang.Object> org.springframework.cloud.context.environment.EnvironmentManagerMvcEndpoint.reset()
2018-01-05 09:48:55,685 INFO  [main] EndpointHandlerMapping: Mapped "{[/archaius || /archaius.json],methods=[GET],produces=[application/vnd.spring-boot.actuator.v1+json || application/json]}" onto public java.lang.Object org.springframework.boot.actuate.endpoint.mvc.EndpointMvcAdapter.invoke()
2018-01-05 09:48:55,686 INFO  [main] EndpointHandlerMapping: Mapped "{[/configprops || /configprops.json],methods=[GET],produces=[application/vnd.spring-boot.actuator.v1+json || application/json]}" onto public java.lang.Object org.springframework.boot.actuate.endpoint.mvc.EndpointMvcAdapter.invoke()
2018-01-05 09:48:55,687 INFO  [main] EndpointHandlerMapping: Mapped "{[/beans || /beans.json],methods=[GET],produces=[application/vnd.spring-boot.actuator.v1+json || application/json]}" onto public java.lang.Object org.springframework.boot.actuate.endpoint.mvc.EndpointMvcAdapter.invoke()
2018-01-05 09:48:55,688 INFO  [main] EndpointHandlerMapping: Mapped "{[/heapdump || /heapdump.json],methods=[GET],produces=[application/octet-stream]}" onto public void org.springframework.boot.actuate.endpoint.mvc.HeapdumpMvcEndpoint.invoke(boolean,javax.servlet.http.HttpServletRequest,javax.servlet.http.HttpServletResponse) throws java.io.IOException,javax.servlet.ServletException
2018-01-05 09:48:55,690 INFO  [main] EndpointHandlerMapping: Mapped "{[/info || /info.json],methods=[GET],produces=[application/vnd.spring-boot.actuator.v1+json || application/json]}" onto public java.lang.Object org.springframework.boot.actuate.endpoint.mvc.EndpointMvcAdapter.invoke()
2018-01-05 09:48:55,691 INFO  [main] EndpointHandlerMapping: Mapped "{[/auditevents || /auditevents.json],methods=[GET],produces=[application/vnd.spring-boot.actuator.v1+json || application/json]}" onto public org.springframework.http.ResponseEntity<?> org.springframework.boot.actuate.endpoint.mvc.AuditEventsMvcEndpoint.findByPrincipalAndAfterAndType(java.lang.String,java.util.Date,java.lang.String)
2018-01-05 09:48:58,467 INFO  [main] AuthenticationManagerConfiguration: 

Using default security password: fa02aeb7-900f-4ca7-a182-ba1358de274d

2018-01-05 09:48:58,867 INFO  [main] DefaultSecurityFilterChain: Creating filter chain: Ant [pattern='/**', OPTIONS], []
2018-01-05 09:48:58,867 INFO  [main] DefaultSecurityFilterChain: Creating filter chain: Ant [pattern='/api/v1/login/**'], []
2018-01-05 09:48:58,867 INFO  [main] DefaultSecurityFilterChain: Creating filter chain: Ant [pattern='/api/v1/user/**'], []
2018-01-05 09:48:58,867 INFO  [main] DefaultSecurityFilterChain: Creating filter chain: Ant [pattern='/swagger.ui/index.html'], []
2018-01-05 09:49:00,366 INFO  [main] DefaultSecurityFilterChain: Creating filter chain: org.springframework.security.web.util.matcher.AnyRequestMatcher@1, [org.springframework.security.web.context.request.async.WebAsyncManagerIntegrationFilter@5eb9bf7d, org.springframework.security.web.context.SecurityContextPersistenceFilter@662d3e85, org.springframework.security.web.header.HeaderWriterFilter@35277c6c, org.springframework.security.web.authentication.logout.LogoutFilter@79b0956e, com.yuanwj.security.TokenFilter@327b17d, org.springframework.security.web.savedrequest.RequestCacheAwareFilter@92b1bda, org.springframework.security.web.servletapi.SecurityContextHolderAwareRequestFilter@5392aa2b, org.springframework.security.web.authentication.AnonymousAuthenticationFilter@64f613da, org.springframework.security.web.session.SessionManagementFilter@4b62f1ba, org.springframework.security.web.access.ExceptionTranslationFilter@279e8bc0, org.springframework.security.web.access.intercept.FilterSecurityInterceptor@38e052b2]
2018-01-05 09:49:00,398 INFO  [main] DefaultSecurityFilterChain: Creating filter chain: org.springframework.boot.actuate.autoconfigure.ManagementWebSecurityAutoConfiguration$LazyEndpointPathRequestMatcher@cbc3bf3, [org.springframework.security.web.context.request.async.WebAsyncManagerIntegrationFilter@31f9f9b3, org.springframework.security.web.context.SecurityContextPersistenceFilter@655f92a1, org.springframework.security.web.header.HeaderWriterFilter@43312512, org.springframework.web.filter.CorsFilter@7730da00, org.springframework.security.web.authentication.logout.LogoutFilter@34001c5d, org.springframework.security.web.authentication.www.BasicAuthenticationFilter@125a8ab6, org.springframework.security.web.savedrequest.RequestCacheAwareFilter@1d2d793d, org.springframework.security.web.servletapi.SecurityContextHolderAwareRequestFilter@57fec63f, org.springframework.security.web.authentication.AnonymousAuthenticationFilter@52d01430, org.springframework.security.web.session.SessionManagementFilter@13f7c165, org.springframework.security.web.access.ExceptionTranslationFilter@7d60bd5a, org.springframework.security.web.access.intercept.FilterSecurityInterceptor@22ed2886]
2018-01-05 09:49:01,154 WARN  [main] URLConfigurationSource: No URLs will be polled as dynamic configuration sources.
2018-01-05 09:49:01,155 INFO  [main] URLConfigurationSource: To enable URLs as dynamic configuration sources, define System property archaius.configurationSource.additionalUrls or make config.properties available on classpath.
2018-01-05 09:49:01,576 WARN  [main] URLConfigurationSource: No URLs will be polled as dynamic configuration sources.
2018-01-05 09:49:01,576 INFO  [main] URLConfigurationSource: To enable URLs as dynamic configuration sources, define System property archaius.configurationSource.additionalUrls or make config.properties available on classpath.
2018-01-05 09:49:01,821 INFO  [main] RequestMappingHandlerAdapter: Looking for @ControllerAdvice: org.springframework.boot.context.embedded.AnnotationConfigEmbeddedWebApplicationContext@2ff95fc6: startup date [Fri Jan 05 09:48:46 CST 2018]; parent: org.springframework.context.annotation.AnnotationConfigApplicationContext@25a6944c
2018-01-05 09:49:02,113 INFO  [main] SimpleUrlHandlerMapping: Mapped URL path [/webjars/**] onto handler of type [class org.springframework.web.servlet.resource.ResourceHttpRequestHandler]
2018-01-05 09:49:02,114 INFO  [main] SimpleUrlHandlerMapping: Mapped URL path [/**] onto handler of type [class org.springframework.web.servlet.resource.ResourceHttpRequestHandler]
2018-01-05 09:49:02,213 INFO  [main] SimpleUrlHandlerMapping: Mapped URL path [/**/favicon.ico] onto handler of type [class org.springframework.web.servlet.resource.ResourceHttpRequestHandler]
2018-01-05 09:49:03,189 WARN  [main] EurekaStarterDeprecationWarningAutoConfiguration: spring-cloud-starter-eureka is deprecated as of Spring Cloud Netflix 1.4.0, please migrate to spring-cloud-starter-netflix-eureka
2018-01-05 09:49:03,339 INFO  [main] AnnotationMBeanExporter: Registering beans for JMX exposure on startup
2018-01-05 09:49:03,356 INFO  [main] AnnotationMBeanExporter: Bean with name 'environmentManager' has been autodetected for JMX exposure
2018-01-05 09:49:03,359 INFO  [main] AnnotationMBeanExporter: Bean with name 'configurationPropertiesRebinder' has been autodetected for JMX exposure
2018-01-05 09:49:03,360 INFO  [main] AnnotationMBeanExporter: Bean with name 'refreshEndpoint' has been autodetected for JMX exposure
2018-01-05 09:49:03,361 INFO  [main] AnnotationMBeanExporter: Bean with name 'serviceRegistryEndpoint' has been autodetected for JMX exposure
2018-01-05 09:49:03,363 INFO  [main] AnnotationMBeanExporter: Bean with name 'refreshScope' has been autodetected for JMX exposure
2018-01-05 09:49:03,367 INFO  [main] AnnotationMBeanExporter: Located managed bean 'environmentManager': registering with JMX server as MBean [org.springframework.cloud.context.environment:name=environmentManager,type=EnvironmentManager]
2018-01-05 09:49:03,383 INFO  [main] AnnotationMBeanExporter: Located managed bean 'serviceRegistryEndpoint': registering with JMX server as MBean [org.springframework.cloud.client.serviceregistry.endpoint:name=serviceRegistryEndpoint,type=ServiceRegistryEndpoint]
2018-01-05 09:49:03,392 INFO  [main] AnnotationMBeanExporter: Located managed bean 'refreshScope': registering with JMX server as MBean [org.springframework.cloud.context.scope.refresh:name=refreshScope,type=RefreshScope]
2018-01-05 09:49:03,409 INFO  [main] AnnotationMBeanExporter: Located managed bean 'configurationPropertiesRebinder': registering with JMX server as MBean [org.springframework.cloud.context.properties:name=configurationPropertiesRebinder,context=2ff95fc6,type=ConfigurationPropertiesRebinder]
2018-01-05 09:49:03,419 INFO  [main] AnnotationMBeanExporter: Located managed bean 'refreshEndpoint': registering with JMX server as MBean [org.springframework.cloud.endpoint:name=refreshEndpoint,type=RefreshEndpoint]
2018-01-05 09:49:03,675 INFO  [main] DefaultLifecycleProcessor: Starting beans in phase 0
2018-01-05 09:49:03,691 INFO  [main] InstanceInfoFactory: Setting initial instance status as: STARTING
2018-01-05 09:49:03,782 INFO  [main] DiscoveryClient: Initializing Eureka in region us-east-1
2018-01-05 09:49:04,105 INFO  [main] DiscoveryJerseyProvider: Using JSON encoding codec LegacyJacksonJson
2018-01-05 09:49:04,106 INFO  [main] DiscoveryJerseyProvider: Using JSON decoding codec LegacyJacksonJson
2018-01-05 09:49:04,237 INFO  [main] DiscoveryJerseyProvider: Using XML encoding codec XStreamXml
2018-01-05 09:49:04,237 INFO  [main] DiscoveryJerseyProvider: Using XML decoding codec XStreamXml
2018-01-05 09:49:04,679 INFO  [main] ConfigClusterResolver: Resolving eureka endpoints via configuration
2018-01-05 09:49:04,794 INFO  [main] DiscoveryClient: Disable delta property : false
2018-01-05 09:49:04,794 INFO  [main] DiscoveryClient: Single vip registry refresh property : null
2018-01-05 09:49:04,794 INFO  [main] DiscoveryClient: Force full registry fetch : false
2018-01-05 09:49:04,794 INFO  [main] DiscoveryClient: Application is null : false
2018-01-05 09:49:04,794 INFO  [main] DiscoveryClient: Registered Applications size is zero : true
2018-01-05 09:49:04,795 INFO  [main] DiscoveryClient: Application version is -1: true
2018-01-05 09:49:04,795 INFO  [main] DiscoveryClient: Getting all instance registry info from the eureka server
2018-01-05 09:49:04,973 INFO  [main] DiscoveryClient: The response status is 200
2018-01-05 09:49:04,974 INFO  [main] DiscoveryClient: Starting heartbeat executor: renew interval is: 30
2018-01-05 09:49:04,978 INFO  [main] InstanceInfoReplicator: InstanceInfoReplicator onDemand update allowed rate per min is 4
2018-01-05 09:49:04,983 INFO  [main] DiscoveryClient: Discovery Client initialized at timestamp 1515116944982 with initial instances count: 0
2018-01-05 09:49:05,000 INFO  [main] EurekaServiceRegistry: Registering application config-client with eureka with status UP
2018-01-05 09:49:05,002 INFO  [main] DiscoveryClient: Saw local status change event StatusChangeEvent [timestamp=1515116945002, current=UP, previous=STARTING]
2018-01-05 09:49:05,004 INFO  [DiscoveryClient-InstanceInfoReplicator-0] DiscoveryClient: DiscoveryClient_CONFIG-CLIENT/192.168.8.60:config-client:8083: registering service...
2018-01-05 09:49:05,085 INFO  [main] DefaultLifecycleProcessor: Starting beans in phase 2147483647
2018-01-05 09:49:05,086 INFO  [main] DocumentationPluginsBootstrapper: Context refreshed
2018-01-05 09:49:05,103 INFO  [main] DocumentationPluginsBootstrapper: Found 1 custom documentation plugin(s)
2018-01-05 09:49:05,104 INFO  [DiscoveryClient-InstanceInfoReplicator-0] DiscoveryClient: DiscoveryClient_CONFIG-CLIENT/192.168.8.60:config-client:8083 - registration status: 204
2018-01-05 09:49:05,205 INFO  [main] ApiListingReferenceScanner: Scanning for api listing references
2018-01-05 09:49:06,207 INFO  [main] TomcatEmbeddedServletContainer: Tomcat started on port(s): 8083 (http)
2018-01-05 09:49:06,209 INFO  [main] EurekaAutoServiceRegistration: Updating port to 8083
2018-01-05 09:49:06,217 INFO  [main] Application: Started Application in 40.632 seconds (JVM running for 42.517)
2018-01-05 09:49:17,644 INFO  [http-nio-8083-exec-1] [/]: Initializing Spring FrameworkServlet 'dispatcherServlet'
2018-01-05 09:49:17,645 INFO  [http-nio-8083-exec-1] DispatcherServlet: FrameworkServlet 'dispatcherServlet': initialization started
2018-01-05 09:49:17,724 INFO  [http-nio-8083-exec-1] DispatcherServlet: FrameworkServlet 'dispatcherServlet': initialization completed in 79 ms
2018-01-05 09:49:23,198 DEBUG [http-nio-8083-exec-1] findByEmail: ==>  Preparing: SELECT * FROM t_user WHERE email =? 
2018-01-05 09:49:23,480 DEBUG [http-nio-8083-exec-1] findByEmail: ==> Parameters: yuanwj(String)
2018-01-05 09:49:23,623 DEBUG [http-nio-8083-exec-1] findByEmail: <==      Total: 1
2018-01-05 09:49:35,065 INFO  [DiscoveryClient-CacheRefreshExecutor-0] DiscoveryClient: Disable delta property : false
2018-01-05 09:49:35,066 INFO  [DiscoveryClient-CacheRefreshExecutor-0] DiscoveryClient: Single vip registry refresh property : null
2018-01-05 09:49:35,066 INFO  [DiscoveryClient-CacheRefreshExecutor-0] DiscoveryClient: Force full registry fetch : false
2018-01-05 09:49:35,066 INFO  [DiscoveryClient-CacheRefreshExecutor-0] DiscoveryClient: Application is null : false
2018-01-05 09:49:35,066 INFO  [DiscoveryClient-CacheRefreshExecutor-0] DiscoveryClient: Registered Applications size is zero : true
2018-01-05 09:49:35,067 INFO  [DiscoveryClient-CacheRefreshExecutor-0] DiscoveryClient: Application version is -1: false
2018-01-05 09:49:35,067 INFO  [DiscoveryClient-CacheRefreshExecutor-0] DiscoveryClient: Getting all instance registry info from the eureka server
2018-01-05 09:49:35,189 INFO  [DiscoveryClient-CacheRefreshExecutor-0] DiscoveryClient: The response status is 200
2018-01-05 09:54:37,597 INFO  [main] AnnotationConfigApplicationContext: Refreshing org.springframework.context.annotation.AnnotationConfigApplicationContext@25a6944c: startup date [Fri Jan 05 09:54:37 CST 2018]; root of context hierarchy
2018-01-05 09:54:38,218 INFO  [main] AutowiredAnnotationBeanPostProcessor: JSR-330 'javax.inject.Inject' annotation found and supported for autowiring
2018-01-05 09:54:38,291 INFO  [main] PostProcessorRegistrationDelegate$BeanPostProcessorChecker: Bean 'configurationPropertiesRebinderAutoConfiguration' of type [org.springframework.cloud.autoconfigure.ConfigurationPropertiesRebinderAutoConfiguration$$EnhancerBySpringCGLIB$$8504e3a9] is not eligible for getting processed by all BeanPostProcessors (for example: not eligible for auto-proxying)
2018-01-05 09:54:38,857 INFO  [main] ConfigServicePropertySourceLocator: Fetching config from server at: http://localhost:8761
2018-01-05 09:54:58,188 INFO  [main] ConfigServicePropertySourceLocator: Located environment: name=config-client, profiles=[dev], label=null, version=59df62c9f221994e8b0b2eb95690aadc8725f048, state=null
2018-01-05 09:54:58,188 INFO  [main] PropertySourceBootstrapConfiguration: Located property source: CompositePropertySource [name='configService', propertySources=[MapPropertySource {name='configClient'}, MapPropertySource {name='https://github.com/yuanwenjian/config-repo/config-client-dev.yml'}]]
2018-01-05 09:54:58,195 INFO  [main] Application: The following profiles are active: dev
2018-01-05 09:54:58,289 INFO  [main] AnnotationConfigEmbeddedWebApplicationContext: Refreshing org.springframework.boot.context.embedded.AnnotationConfigEmbeddedWebApplicationContext@398474a2: startup date [Fri Jan 05 09:54:58 CST 2018]; parent: org.springframework.context.annotation.AnnotationConfigApplicationContext@25a6944c
2018-01-05 09:55:00,791 INFO  [main] GenericScope: BeanFactory id=ba874899-40c9-34dd-a6ba-8a7a2c27486b
2018-01-05 09:55:00,815 INFO  [main] AutowiredAnnotationBeanPostProcessor: JSR-330 'javax.inject.Inject' annotation found and supported for autowiring
2018-01-05 09:55:01,203 INFO  [main] PostProcessorRegistrationDelegate$BeanPostProcessorChecker: Bean 'org.springframework.security.config.annotation.configuration.ObjectPostProcessorConfiguration' of type [org.springframework.security.config.annotation.configuration.ObjectPostProcessorConfiguration$$EnhancerBySpringCGLIB$$198a8e6] is not eligible for getting processed by all BeanPostProcessors (for example: not eligible for auto-proxying)
2018-01-05 09:55:01,234 INFO  [main] PostProcessorRegistrationDelegate$BeanPostProcessorChecker: Bean 'org.springframework.transaction.annotation.ProxyTransactionManagementConfiguration' of type [org.springframework.transaction.annotation.ProxyTransactionManagementConfiguration$$EnhancerBySpringCGLIB$$68eae0ac] is not eligible for getting processed by all BeanPostProcessors (for example: not eligible for auto-proxying)
2018-01-05 09:55:01,386 INFO  [main] PostProcessorRegistrationDelegate$BeanPostProcessorChecker: Bean 'objectPostProcessor' of type [org.springframework.security.config.annotation.configuration.AutowireBeanFactoryObjectPostProcessor] is not eligible for getting processed by all BeanPostProcessors (for example: not eligible for auto-proxying)
2018-01-05 09:55:01,389 INFO  [main] PostProcessorRegistrationDelegate$BeanPostProcessorChecker: Bean 'org.springframework.security.access.expression.method.DefaultMethodSecurityExpressionHandler@496cedbb' of type [org.springframework.security.access.expression.method.DefaultMethodSecurityExpressionHandler] is not eligible for getting processed by all BeanPostProcessors (for example: not eligible for auto-proxying)
2018-01-05 09:55:01,432 INFO  [main] PostProcessorRegistrationDelegate$BeanPostProcessorChecker: Bean 'org.springframework.security.config.annotation.method.configuration.GlobalMethodSecurityConfiguration' of type [org.springframework.security.config.annotation.method.configuration.GlobalMethodSecurityConfiguration$$EnhancerBySpringCGLIB$$266d4b98] is not eligible for getting processed by all BeanPostProcessors (for example: not eligible for auto-proxying)
2018-01-05 09:55:01,469 INFO  [main] PostProcessorRegistrationDelegate$BeanPostProcessorChecker: Bean 'methodSecurityMetadataSource' of type [org.springframework.security.access.method.DelegatingMethodSecurityMetadataSource] is not eligible for getting processed by all BeanPostProcessors (for example: not eligible for auto-proxying)
2018-01-05 09:55:01,562 INFO  [main] PostProcessorRegistrationDelegate$BeanPostProcessorChecker: Bean 'org.springframework.cloud.netflix.metrics.MetricsInterceptorConfiguration$MetricsRestTemplateConfiguration' of type [org.springframework.cloud.netflix.metrics.MetricsInterceptorConfiguration$MetricsRestTemplateConfiguration$$EnhancerBySpringCGLIB$$9b1786ed] is not eligible for getting processed by all BeanPostProcessors (for example: not eligible for auto-proxying)
2018-01-05 09:55:01,600 INFO  [main] PostProcessorRegistrationDelegate$BeanPostProcessorChecker: Bean 'org.springframework.cloud.autoconfigure.ConfigurationPropertiesRebinderAutoConfiguration' of type [org.springframework.cloud.autoconfigure.ConfigurationPropertiesRebinderAutoConfiguration$$EnhancerBySpringCGLIB$$8504e3a9] is not eligible for getting processed by all BeanPostProcessors (for example: not eligible for auto-proxying)
2018-01-05 09:55:02,575 INFO  [main] TomcatEmbeddedServletContainer: Tomcat initialized with port(s): 8083 (http)
2018-01-05 09:55:02,604 INFO  [main] StandardService: Starting service [Tomcat]
2018-01-05 09:55:02,607 INFO  [main] StandardEngine: Starting Servlet Engine: Apache Tomcat/8.5.23
2018-01-05 09:55:02,828 INFO  [localhost-startStop-1] [/]: Initializing Spring embedded WebApplicationContext
2018-01-05 09:55:02,830 INFO  [localhost-startStop-1] ContextLoader: Root WebApplicationContext: initialization completed in 4541 ms
2018-01-05 09:55:05,460 INFO  [localhost-startStop-1] FilterRegistrationBean: Mapping filter: 'metricsFilter' to: [/*]
2018-01-05 09:55:05,461 INFO  [localhost-startStop-1] FilterRegistrationBean: Mapping filter: 'characterEncodingFilter' to: [/*]
2018-01-05 09:55:05,461 INFO  [localhost-startStop-1] FilterRegistrationBean: Mapping filter: 'hiddenHttpMethodFilter' to: [/*]
2018-01-05 09:55:05,461 INFO  [localhost-startStop-1] FilterRegistrationBean: Mapping filter: 'httpPutFormContentFilter' to: [/*]
2018-01-05 09:55:05,461 INFO  [localhost-startStop-1] FilterRegistrationBean: Mapping filter: 'requestContextFilter' to: [/*]
2018-01-05 09:55:05,463 INFO  [localhost-startStop-1] DelegatingFilterProxyRegistrationBean: Mapping filter: 'springSecurityFilterChain' to: [/*]
2018-01-05 09:55:05,463 INFO  [localhost-startStop-1] FilterRegistrationBean: Mapping filter: 'webRequestLoggingFilter' to: [/*]
2018-01-05 09:55:05,463 INFO  [localhost-startStop-1] FilterRegistrationBean: Mapping filter: 'tokenFilter' to: [/*]
2018-01-05 09:55:05,463 INFO  [localhost-startStop-1] FilterRegistrationBean: Mapping filter: 'applicationContextIdFilter' to: [/*]
2018-01-05 09:55:05,463 INFO  [localhost-startStop-1] ServletRegistrationBean: Mapping servlet: 'dispatcherServlet' to [/]
2018-01-05 09:55:07,323 INFO  [main] RequestMappingHandlerMapping: Mapped "{[/api/v1/login/login]}" onto public java.lang.String com.yuanwj.rest.LoginResource.login(java.lang.String,java.lang.String)
2018-01-05 09:55:07,326 INFO  [main] RequestMappingHandlerMapping: Mapped "{[/api/v1/test/test],methods=[GET]}" onto public java.lang.String com.yuanwj.rest.TestResource.test()
2018-01-05 09:55:07,329 INFO  [main] RequestMappingHandlerMapping: Mapped "{[/api/v1/user/getUser],methods=[GET]}" onto public java.lang.String com.yuanwj.rest.UserResource.getUser(java.lang.String)
2018-01-05 09:55:07,330 INFO  [main] RequestMappingHandlerMapping: Mapped "{[/api/v1/user/findByEmail]}" onto public java.lang.String com.yuanwj.rest.UserResource.findByEmail(java.lang.String)
2018-01-05 09:55:07,334 INFO  [main] RequestMappingHandlerMapping: Mapped "{[/v2/api-docs],methods=[GET],produces=[application/json || application/hal+json]}" onto public org.springframework.http.ResponseEntity<springfox.documentation.spring.web.json.Json> springfox.documentation.swagger2.web.Swagger2Controller.getDocumentation(java.lang.String,javax.servlet.http.HttpServletRequest)
2018-01-05 09:55:07,343 INFO  [main] RequestMappingHandlerMapping: Mapped "{[/swagger-resources/configuration/ui]}" onto org.springframework.http.ResponseEntity<springfox.documentation.swagger.web.UiConfiguration> springfox.documentation.swagger.web.ApiResourceController.uiConfiguration()
2018-01-05 09:55:07,345 INFO  [main] RequestMappingHandlerMapping: Mapped "{[/swagger-resources]}" onto org.springframework.http.ResponseEntity<java.util.List<springfox.documentation.swagger.web.SwaggerResource>> springfox.documentation.swagger.web.ApiResourceController.swaggerResources()
2018-01-05 09:55:07,347 INFO  [main] RequestMappingHandlerMapping: Mapped "{[/swagger-resources/configuration/security]}" onto org.springframework.http.ResponseEntity<springfox.documentation.swagger.web.SecurityConfiguration> springfox.documentation.swagger.web.ApiResourceController.securityConfiguration()
2018-01-05 09:55:07,353 INFO  [main] RequestMappingHandlerMapping: Mapped "{[/error],produces=[text/html]}" onto public org.springframework.web.servlet.ModelAndView org.springframework.boot.autoconfigure.web.BasicErrorController.errorHtml(javax.servlet.http.HttpServletRequest,javax.servlet.http.HttpServletResponse)
2018-01-05 09:55:07,354 INFO  [main] RequestMappingHandlerMapping: Mapped "{[/error]}" onto public org.springframework.http.ResponseEntity<java.util.Map<java.lang.String, java.lang.Object>> org.springframework.boot.autoconfigure.web.BasicErrorController.error(javax.servlet.http.HttpServletRequest)
2018-01-05 09:55:09,902 INFO  [main] EndpointHandlerMapping: Mapped "{[/metrics/{name:.*}],methods=[GET],produces=[application/vnd.spring-boot.actuator.v1+json || application/json]}" onto public java.lang.Object org.springframework.boot.actuate.endpoint.mvc.MetricsMvcEndpoint.value(java.lang.String)
2018-01-05 09:55:09,903 INFO  [main] EndpointHandlerMapping: Mapped "{[/metrics || /metrics.json],methods=[GET],produces=[application/vnd.spring-boot.actuator.v1+json || application/json]}" onto public java.lang.Object org.springframework.boot.actuate.endpoint.mvc.EndpointMvcAdapter.invoke()
2018-01-05 09:55:09,904 INFO  [main] EndpointHandlerMapping: Mapped "{[/info || /info.json],methods=[GET],produces=[application/vnd.spring-boot.actuator.v1+json || application/json]}" onto public java.lang.Object org.springframework.boot.actuate.endpoint.mvc.EndpointMvcAdapter.invoke()
2018-01-05 09:55:09,905 INFO  [main] EndpointHandlerMapping: Mapped "{[/heapdump || /heapdump.json],methods=[GET],produces=[application/octet-stream]}" onto public void org.springframework.boot.actuate.endpoint.mvc.HeapdumpMvcEndpoint.invoke(boolean,javax.servlet.http.HttpServletRequest,javax.servlet.http.HttpServletResponse) throws java.io.IOException,javax.servlet.ServletException
2018-01-05 09:55:09,908 INFO  [main] EndpointHandlerMapping: Mapped "{[/loggers/{name:.*}],methods=[GET],produces=[application/vnd.spring-boot.actuator.v1+json || application/json]}" onto public java.lang.Object org.springframework.boot.actuate.endpoint.mvc.LoggersMvcEndpoint.get(java.lang.String)
2018-01-05 09:55:09,909 INFO  [main] EndpointHandlerMapping: Mapped "{[/loggers/{name:.*}],methods=[POST],consumes=[application/vnd.spring-boot.actuator.v1+json || application/json],produces=[application/vnd.spring-boot.actuator.v1+json || application/json]}" onto public java.lang.Object org.springframework.boot.actuate.endpoint.mvc.LoggersMvcEndpoint.set(java.lang.String,java.util.Map<java.lang.String, java.lang.String>)
2018-01-05 09:55:09,909 INFO  [main] EndpointHandlerMapping: Mapped "{[/loggers || /loggers.json],methods=[GET],produces=[application/vnd.spring-boot.actuator.v1+json || application/json]}" onto public java.lang.Object org.springframework.boot.actuate.endpoint.mvc.EndpointMvcAdapter.invoke()
2018-01-05 09:55:09,911 INFO  [main] EndpointHandlerMapping: Mapped "{[/auditevents || /auditevents.json],methods=[GET],produces=[application/vnd.spring-boot.actuator.v1+json || application/json]}" onto public org.springframework.http.ResponseEntity<?> org.springframework.boot.actuate.endpoint.mvc.AuditEventsMvcEndpoint.findByPrincipalAndAfterAndType(java.lang.String,java.util.Date,java.lang.String)
2018-01-05 09:55:09,912 INFO  [main] EndpointHandlerMapping: Mapped "{[/env/{name:.*}],methods=[GET],produces=[application/vnd.spring-boot.actuator.v1+json || application/json]}" onto public java.lang.Object org.springframework.boot.actuate.endpoint.mvc.EnvironmentMvcEndpoint.value(java.lang.String)
2018-01-05 09:55:09,913 INFO  [main] EndpointHandlerMapping: Mapped "{[/env || /env.json],methods=[GET],produces=[application/vnd.spring-boot.actuator.v1+json || application/json]}" onto public java.lang.Object org.springframework.boot.actuate.endpoint.mvc.EndpointMvcAdapter.invoke()
2018-01-05 09:55:09,913 INFO  [main] EndpointHandlerMapping: Mapped "{[/env],methods=[POST]}" onto public java.lang.Object org.springframework.cloud.context.environment.EnvironmentManagerMvcEndpoint.value(java.util.Map<java.lang.String, java.lang.String>)
2018-01-05 09:55:09,914 INFO  [main] EndpointHandlerMapping: Mapped "{[/env/reset],methods=[POST]}" onto public java.util.Map<java.lang.String, java.lang.Object> org.springframework.cloud.context.environment.EnvironmentManagerMvcEndpoint.reset()
2018-01-05 09:55:09,914 INFO  [main] EndpointHandlerMapping: Mapped "{[/archaius || /archaius.json],methods=[GET],produces=[application/vnd.spring-boot.actuator.v1+json || application/json]}" onto public java.lang.Object org.springframework.boot.actuate.endpoint.mvc.EndpointMvcAdapter.invoke()
2018-01-05 09:55:09,916 INFO  [main] EndpointHandlerMapping: Mapped "{[/autoconfig || /autoconfig.json],methods=[GET],produces=[application/vnd.spring-boot.actuator.v1+json || application/json]}" onto public java.lang.Object org.springframework.boot.actuate.endpoint.mvc.EndpointMvcAdapter.invoke()
2018-01-05 09:55:09,918 INFO  [main] EndpointHandlerMapping: Mapped "{[/refresh || /refresh.json],methods=[POST]}" onto public java.lang.Object org.springframework.cloud.endpoint.GenericPostableMvcEndpoint.invoke()
2018-01-05 09:55:09,922 INFO  [main] EndpointHandlerMapping: Mapped "{[/health || /health.json],methods=[GET],produces=[application/vnd.spring-boot.actuator.v1+json || application/json]}" onto public java.lang.Object org.springframework.boot.actuate.endpoint.mvc.HealthMvcEndpoint.invoke(javax.servlet.http.HttpServletRequest,java.security.Principal)
2018-01-05 09:55:09,923 INFO  [main] EndpointHandlerMapping: Mapped "{[/configprops || /configprops.json],methods=[GET],produces=[application/vnd.spring-boot.actuator.v1+json || application/json]}" onto public java.lang.Object org.springframework.boot.actuate.endpoint.mvc.EndpointMvcAdapter.invoke()
2018-01-05 09:55:09,923 INFO  [main] EndpointHandlerMapping: Mapped "{[/service-registry/instance-status],methods=[GET]}" onto public org.springframework.http.ResponseEntity org.springframework.cloud.client.serviceregistry.endpoint.ServiceRegistryEndpoint.getStatus()
2018-01-05 09:55:09,923 INFO  [main] EndpointHandlerMapping: Mapped "{[/service-registry/instance-status],methods=[POST]}" onto public org.springframework.http.ResponseEntity<?> org.springframework.cloud.client.serviceregistry.endpoint.ServiceRegistryEndpoint.setStatus(java.lang.String)
2018-01-05 09:55:09,924 INFO  [main] EndpointHandlerMapping: Mapped "{[/mappings || /mappings.json],methods=[GET],produces=[application/vnd.spring-boot.actuator.v1+json || application/json]}" onto public java.lang.Object org.springframework.boot.actuate.endpoint.mvc.EndpointMvcAdapter.invoke()
2018-01-05 09:55:09,925 INFO  [main] EndpointHandlerMapping: Mapped "{[/beans || /beans.json],methods=[GET],produces=[application/vnd.spring-boot.actuator.v1+json || application/json]}" onto public java.lang.Object org.springframework.boot.actuate.endpoint.mvc.EndpointMvcAdapter.invoke()
2018-01-05 09:55:09,926 INFO  [main] EndpointHandlerMapping: Mapped "{[/trace || /trace.json],methods=[GET],produces=[application/vnd.spring-boot.actuator.v1+json || application/json]}" onto public java.lang.Object org.springframework.boot.actuate.endpoint.mvc.EndpointMvcAdapter.invoke()
2018-01-05 09:55:09,926 INFO  [main] EndpointHandlerMapping: Mapped "{[/dump || /dump.json],methods=[GET],produces=[application/vnd.spring-boot.actuator.v1+json || application/json]}" onto public java.lang.Object org.springframework.boot.actuate.endpoint.mvc.EndpointMvcAdapter.invoke()
2018-01-05 09:55:09,927 INFO  [main] EndpointHandlerMapping: Mapped "{[/features || /features.json],methods=[GET],produces=[application/vnd.spring-boot.actuator.v1+json || application/json]}" onto public java.lang.Object org.springframework.boot.actuate.endpoint.mvc.EndpointMvcAdapter.invoke()
2018-01-05 09:55:10,496 INFO  [main] AuthenticationManagerConfiguration: 

Using default security password: b9b10593-5685-4164-90cb-b37de36ac4d0

2018-01-05 09:55:10,590 INFO  [main] DefaultSecurityFilterChain: Creating filter chain: Ant [pattern='/**', OPTIONS], []
2018-01-05 09:55:10,591 INFO  [main] DefaultSecurityFilterChain: Creating filter chain: Ant [pattern='/api/v1/login/**'], []
2018-01-05 09:55:10,591 INFO  [main] DefaultSecurityFilterChain: Creating filter chain: Ant [pattern='/api/v1/user/**'], []
2018-01-05 09:55:10,591 INFO  [main] DefaultSecurityFilterChain: Creating filter chain: Ant [pattern='/swagger.ui/index.html'], []
2018-01-05 09:55:10,690 INFO  [main] DefaultSecurityFilterChain: Creating filter chain: org.springframework.security.web.util.matcher.AnyRequestMatcher@1, [org.springframework.security.web.context.request.async.WebAsyncManagerIntegrationFilter@3abdc11d, org.springframework.security.web.context.SecurityContextPersistenceFilter@54b35809, org.springframework.security.web.header.HeaderWriterFilter@29d81c22, org.springframework.security.web.authentication.logout.LogoutFilter@1fab0394, com.yuanwj.security.TokenFilter@39fea9b0, org.springframework.security.web.savedrequest.RequestCacheAwareFilter@72ce8a9b, org.springframework.security.web.servletapi.SecurityContextHolderAwareRequestFilter@1cb929a9, org.springframework.security.web.authentication.AnonymousAuthenticationFilter@624be1d4, org.springframework.security.web.session.SessionManagementFilter@47eff554, org.springframework.security.web.access.ExceptionTranslationFilter@1e75af65, org.springframework.security.web.access.intercept.FilterSecurityInterceptor@49222187]
2018-01-05 09:55:10,719 INFO  [main] DefaultSecurityFilterChain: Creating filter chain: org.springframework.boot.actuate.autoconfigure.ManagementWebSecurityAutoConfiguration$LazyEndpointPathRequestMatcher@712e4b18, [org.springframework.security.web.context.request.async.WebAsyncManagerIntegrationFilter@af96ac9, org.springframework.security.web.context.SecurityContextPersistenceFilter@663f24e6, org.springframework.security.web.header.HeaderWriterFilter@3321fb65, org.springframework.web.filter.CorsFilter@27d0376f, org.springframework.security.web.authentication.logout.LogoutFilter@36f497b1, org.springframework.security.web.authentication.www.BasicAuthenticationFilter@62732be7, org.springframework.security.web.savedrequest.RequestCacheAwareFilter@7e532f2d, org.springframework.security.web.servletapi.SecurityContextHolderAwareRequestFilter@42150951, org.springframework.security.web.authentication.AnonymousAuthenticationFilter@21948bd1, org.springframework.security.web.session.SessionManagementFilter@7272914b, org.springframework.security.web.access.ExceptionTranslationFilter@642f8b7f, org.springframework.security.web.access.intercept.FilterSecurityInterceptor@7b24d5e4]
2018-01-05 09:55:11,087 WARN  [main] URLConfigurationSource: No URLs will be polled as dynamic configuration sources.
2018-01-05 09:55:11,087 INFO  [main] URLConfigurationSource: To enable URLs as dynamic configuration sources, define System property archaius.configurationSource.additionalUrls or make config.properties available on classpath.
2018-01-05 09:55:11,097 WARN  [main] URLConfigurationSource: No URLs will be polled as dynamic configuration sources.
2018-01-05 09:55:11,098 INFO  [main] URLConfigurationSource: To enable URLs as dynamic configuration sources, define System property archaius.configurationSource.additionalUrls or make config.properties available on classpath.
2018-01-05 09:55:12,255 INFO  [main] RequestMappingHandlerAdapter: Looking for @ControllerAdvice: org.springframework.boot.context.embedded.AnnotationConfigEmbeddedWebApplicationContext@398474a2: startup date [Fri Jan 05 09:54:58 CST 2018]; parent: org.springframework.context.annotation.AnnotationConfigApplicationContext@25a6944c
2018-01-05 09:55:13,093 INFO  [main] SimpleUrlHandlerMapping: Mapped URL path [/webjars/**] onto handler of type [class org.springframework.web.servlet.resource.ResourceHttpRequestHandler]
2018-01-05 09:55:13,093 INFO  [main] SimpleUrlHandlerMapping: Mapped URL path [/**] onto handler of type [class org.springframework.web.servlet.resource.ResourceHttpRequestHandler]
2018-01-05 09:55:13,475 INFO  [main] SimpleUrlHandlerMapping: Mapped URL path [/**/favicon.ico] onto handler of type [class org.springframework.web.servlet.resource.ResourceHttpRequestHandler]
2018-01-05 09:55:18,242 WARN  [main] EurekaStarterDeprecationWarningAutoConfiguration: spring-cloud-starter-eureka is deprecated as of Spring Cloud Netflix 1.4.0, please migrate to spring-cloud-starter-netflix-eureka
2018-01-05 09:55:18,374 INFO  [main] AnnotationMBeanExporter: Registering beans for JMX exposure on startup
2018-01-05 09:55:18,390 INFO  [main] AnnotationMBeanExporter: Bean with name 'environmentManager' has been autodetected for JMX exposure
2018-01-05 09:55:18,393 INFO  [main] AnnotationMBeanExporter: Bean with name 'configurationPropertiesRebinder' has been autodetected for JMX exposure
2018-01-05 09:55:18,394 INFO  [main] AnnotationMBeanExporter: Bean with name 'refreshEndpoint' has been autodetected for JMX exposure
2018-01-05 09:55:18,394 INFO  [main] AnnotationMBeanExporter: Bean with name 'serviceRegistryEndpoint' has been autodetected for JMX exposure
2018-01-05 09:55:18,395 INFO  [main] AnnotationMBeanExporter: Bean with name 'refreshScope' has been autodetected for JMX exposure
2018-01-05 09:55:18,399 INFO  [main] AnnotationMBeanExporter: Located managed bean 'environmentManager': registering with JMX server as MBean [org.springframework.cloud.context.environment:name=environmentManager,type=EnvironmentManager]
2018-01-05 09:55:18,466 INFO  [main] AnnotationMBeanExporter: Located managed bean 'serviceRegistryEndpoint': registering with JMX server as MBean [org.springframework.cloud.client.serviceregistry.endpoint:name=serviceRegistryEndpoint,type=ServiceRegistryEndpoint]
2018-01-05 09:55:18,476 INFO  [main] AnnotationMBeanExporter: Located managed bean 'refreshScope': registering with JMX server as MBean [org.springframework.cloud.context.scope.refresh:name=refreshScope,type=RefreshScope]
2018-01-05 09:55:18,491 INFO  [main] AnnotationMBeanExporter: Located managed bean 'configurationPropertiesRebinder': registering with JMX server as MBean [org.springframework.cloud.context.properties:name=configurationPropertiesRebinder,context=398474a2,type=ConfigurationPropertiesRebinder]
2018-01-05 09:55:18,499 INFO  [main] AnnotationMBeanExporter: Located managed bean 'refreshEndpoint': registering with JMX server as MBean [org.springframework.cloud.endpoint:name=refreshEndpoint,type=RefreshEndpoint]
2018-01-05 09:55:18,785 INFO  [main] DefaultLifecycleProcessor: Starting beans in phase 0
2018-01-05 09:55:18,833 INFO  [main] InstanceInfoFactory: Setting initial instance status as: STARTING
2018-01-05 09:55:18,946 INFO  [main] DiscoveryClient: Initializing Eureka in region us-east-1
2018-01-05 09:55:19,420 INFO  [main] DiscoveryJerseyProvider: Using JSON encoding codec LegacyJacksonJson
2018-01-05 09:55:19,420 INFO  [main] DiscoveryJerseyProvider: Using JSON decoding codec LegacyJacksonJson
2018-01-05 09:55:19,620 INFO  [main] DiscoveryJerseyProvider: Using XML encoding codec XStreamXml
2018-01-05 09:55:19,620 INFO  [main] DiscoveryJerseyProvider: Using XML decoding codec XStreamXml
2018-01-05 09:55:19,974 INFO  [main] ConfigClusterResolver: Resolving eureka endpoints via configuration
2018-01-05 09:55:20,032 INFO  [main] DiscoveryClient: Disable delta property : false
2018-01-05 09:55:20,032 INFO  [main] DiscoveryClient: Single vip registry refresh property : null
2018-01-05 09:55:20,032 INFO  [main] DiscoveryClient: Force full registry fetch : false
2018-01-05 09:55:20,032 INFO  [main] DiscoveryClient: Application is null : false
2018-01-05 09:55:20,032 INFO  [main] DiscoveryClient: Registered Applications size is zero : true
2018-01-05 09:55:20,032 INFO  [main] DiscoveryClient: Application version is -1: true
2018-01-05 09:55:20,032 INFO  [main] DiscoveryClient: Getting all instance registry info from the eureka server
2018-01-05 09:55:20,699 INFO  [main] DiscoveryClient: The response status is 200
2018-01-05 09:55:20,734 INFO  [main] DiscoveryClient: Starting heartbeat executor: renew interval is: 30
2018-01-05 09:55:20,737 INFO  [main] InstanceInfoReplicator: InstanceInfoReplicator onDemand update allowed rate per min is 4
2018-01-05 09:55:20,739 INFO  [main] DiscoveryClient: Discovery Client initialized at timestamp 1515117320739 with initial instances count: 0
2018-01-05 09:55:20,758 INFO  [main] EurekaServiceRegistry: Registering application config-client with eureka with status UP
2018-01-05 09:55:20,759 INFO  [main] DiscoveryClient: Saw local status change event StatusChangeEvent [timestamp=1515117320759, current=UP, previous=STARTING]
2018-01-05 09:55:20,761 INFO  [DiscoveryClient-InstanceInfoReplicator-0] DiscoveryClient: DiscoveryClient_CONFIG-CLIENT/192.168.8.60:config-client:8083: registering service...
2018-01-05 09:55:21,192 INFO  [main] DefaultLifecycleProcessor: Starting beans in phase 2147483647
2018-01-05 09:55:21,192 INFO  [main] DocumentationPluginsBootstrapper: Context refreshed
2018-01-05 09:55:21,335 INFO  [DiscoveryClient-InstanceInfoReplicator-0] DiscoveryClient: DiscoveryClient_CONFIG-CLIENT/192.168.8.60:config-client:8083 - registration status: 204
2018-01-05 09:55:21,352 INFO  [main] DocumentationPluginsBootstrapper: Found 1 custom documentation plugin(s)
2018-01-05 09:55:21,419 INFO  [main] ApiListingReferenceScanner: Scanning for api listing references
2018-01-05 09:55:22,123 INFO  [main] TomcatEmbeddedServletContainer: Tomcat started on port(s): 8083 (http)
2018-01-05 09:55:22,124 INFO  [main] EurekaAutoServiceRegistration: Updating port to 8083
2018-01-05 09:55:22,133 INFO  [main] Application: Started Application in 46.074 seconds (JVM running for 48.545)
2018-01-05 09:55:50,700 INFO  [DiscoveryClient-CacheRefreshExecutor-0] DiscoveryClient: Disable delta property : false
2018-01-05 09:55:50,701 INFO  [DiscoveryClient-CacheRefreshExecutor-0] DiscoveryClient: Single vip registry refresh property : null
2018-01-05 09:55:50,701 INFO  [DiscoveryClient-CacheRefreshExecutor-0] DiscoveryClient: Force full registry fetch : false
2018-01-05 09:55:50,701 INFO  [DiscoveryClient-CacheRefreshExecutor-0] DiscoveryClient: Application is null : false
2018-01-05 09:55:50,701 INFO  [DiscoveryClient-CacheRefreshExecutor-0] DiscoveryClient: Registered Applications size is zero : true
2018-01-05 09:55:50,701 INFO  [DiscoveryClient-CacheRefreshExecutor-0] DiscoveryClient: Application version is -1: false
2018-01-05 09:55:50,701 INFO  [DiscoveryClient-CacheRefreshExecutor-0] DiscoveryClient: Getting all instance registry info from the eureka server
2018-01-05 09:55:50,781 INFO  [DiscoveryClient-CacheRefreshExecutor-0] DiscoveryClient: The response status is 200
2018-01-05 09:56:24,063 INFO  [http-nio-8083-exec-1] [/]: Initializing Spring FrameworkServlet 'dispatcherServlet'
2018-01-05 09:56:24,063 INFO  [http-nio-8083-exec-1] DispatcherServlet: FrameworkServlet 'dispatcherServlet': initialization started
2018-01-05 09:56:24,112 INFO  [http-nio-8083-exec-1] DispatcherServlet: FrameworkServlet 'dispatcherServlet': initialization completed in 49 ms
2018-01-05 09:56:24,939 DEBUG [http-nio-8083-exec-1] findByEmail: ==>  Preparing: SELECT * FROM t_user WHERE email =? 
2018-01-05 09:56:25,000 DEBUG [http-nio-8083-exec-1] findByEmail: ==> Parameters: yuanwj(String)
2018-01-05 09:56:25,047 DEBUG [http-nio-8083-exec-1] findByEmail: <==      Total: 1
2018-01-05 09:57:13,065 INFO  [Thread-6] AnnotationConfigEmbeddedWebApplicationContext: Closing org.springframework.boot.context.embedded.AnnotationConfigEmbeddedWebApplicationContext@398474a2: startup date [Fri Jan 05 09:54:58 CST 2018]; parent: org.springframework.context.annotation.AnnotationConfigApplicationContext@25a6944c
2018-01-05 09:57:13,066 INFO  [Thread-6] EurekaServiceRegistry: Unregistering application config-client with eureka with status DOWN
2018-01-05 09:57:13,067 WARN  [Thread-6] DiscoveryClient: Saw local status change event StatusChangeEvent [timestamp=1515117433067, current=DOWN, previous=UP]
2018-01-05 09:57:13,069 INFO  [Thread-6] DefaultLifecycleProcessor: Stopping beans in phase 2147483647
2018-01-05 09:57:13,069 INFO  [DiscoveryClient-InstanceInfoReplicator-0] DiscoveryClient: DiscoveryClient_CONFIG-CLIENT/192.168.8.60:config-client:8083: registering service...
2018-01-05 09:57:13,137 INFO  [DiscoveryClient-InstanceInfoReplicator-0] DiscoveryClient: DiscoveryClient_CONFIG-CLIENT/192.168.8.60:config-client:8083 - registration status: 204
2018-01-05 09:57:13,161 INFO  [Thread-6] DefaultLifecycleProcessor: Stopping beans in phase 0
2018-01-05 09:57:13,163 INFO  [Thread-6] AnnotationMBeanExporter: Unregistering JMX-exposed beans on shutdown
2018-01-05 09:57:13,163 INFO  [Thread-6] AnnotationMBeanExporter: Unregistering JMX-exposed beans
2018-01-05 09:57:13,177 INFO  [Thread-6] DiscoveryClient: Shutting down DiscoveryClient ...
2018-01-05 09:57:13,179 INFO  [Thread-6] DiscoveryClient: Unregistering ...
2018-01-05 09:57:13,262 INFO  [Thread-6] DiscoveryClient: DiscoveryClient_CONFIG-CLIENT/192.168.8.60:config-client:8083 - deregister  status: 200
2018-01-05 09:57:13,283 INFO  [Thread-6] DiscoveryClient: Completed shut down of DiscoveryClient
